INFO:     172.19.0.1:52706 - "OPTIONS /companies/ HTTP/1.1" 200 OK
INFO:     172.19.0.1:52706 - "POST /companies/ HTTP/1.1" 500 Internal Server Error
docker : INFO:     Will watch 
for changes in these 
directories: ['/app']
No linha:1 caractere:1
+ docker logs 
programacaaiii_api > error.log 
2>&1
+ ~~~~~~~~~~~~~~~~~~~~~~~~~~~~~
~~~~~~~~~~~~~~~~~~
    + CategoryInfo          :  
   NotSpecified: (INFO:     W  
  ill ...ories: ['/app']:Str   
 ing) [], RemoteException
    + FullyQualifiedErrorId :  
   NativeCommandError
 
INFO:     Uvicorn running on 
http://0.0.0.0:8000 (Press 
CTRL+C to quit)
INFO:     Started reloader 
process [1] using StatReload
INFO:     Started server 
process [8]
INFO:     Waiting for 
application startup.
INFO:     Application startup 
complete.
ERROR:    Exception in ASGI 
application
Traceback (most recent call 
last):
  File "/usr/local/lib/python3.
11/site-packages/sqlalchemy/eng
ine/base.py", line 1967, in 
_exec_single_context
    self.dialect.do_execute(
  File "/usr/local/lib/python3.
11/site-packages/sqlalchemy/eng
ine/default.py", line 952, in 
do_execute
    cursor.execute(statement, 
parameters)
psycopg2.errors.UndefinedColumn
: column 
companies.wallet_address does 
not exist
LINE 1: ...in, 
companies.created_at AS 
companies_created_at, 
companies....
                               
                              ^


The above exception was the 
direct cause of the following 
exception:

Traceback (most recent call 
last):
  File "/usr/local/lib/python3.
11/site-packages/uvicorn/protoc
ols/http/h11_impl.py", line 
403, in run_asgi
    result = await app(  # 
type: 
ignore[func-returns-value]
             ^^^^^^^^^^^^^^^^^^
^^^^^^^^^^^^^^^^^^^^^^^^^^^^
  File "/usr/local/lib/python3.
11/site-packages/uvicorn/middle
ware/proxy_headers.py", line 
60, in __call__
    return await 
self.app(scope, receive, send)
           ^^^^^^^^^^^^^^^^^^^^
^^^^^^^^^^^^^^^^
  File "/usr/local/lib/python3.
11/site-packages/fastapi/applic
ations.py", line 1054, in 
__call__
    await 
super().__call__(scope, 
receive, send)
  File "/usr/local/lib/python3.
11/site-packages/starlette/appl
ications.py", line 113, in 
__call__
    await 
self.middleware_stack(scope, 
receive, send)
  File "/usr/local/lib/python3.
11/site-packages/starlette/midd
leware/errors.py", line 186, 
in __call__
    raise exc
  File "/usr/local/lib/python3.
11/site-packages/starlette/midd
leware/errors.py", line 164, 
in __call__
    await self.app(scope, 
receive, _send)
  File "/usr/local/lib/python3.
11/site-packages/starlette/midd
leware/cors.py", line 93, in 
__call__
    await 
self.simple_response(scope, 
receive, send, 
request_headers=headers)
  File "/usr/local/lib/python3.
11/site-packages/starlette/midd
leware/cors.py", line 144, in 
simple_response
    await self.app(scope, 
receive, send)
  File "/usr/local/lib/python3.
11/site-packages/starlette/midd
leware/exceptions.py", line 
63, in __call__
    await wrap_app_handling_exc
eptions(self.app, conn)(scope, 
receive, send)
  File "/usr/local/lib/python3.
11/site-packages/starlette/_exc
eption_handler.py", line 53, 
in wrapped_app
    raise exc
  File "/usr/local/lib/python3.
11/site-packages/starlette/_exc
eption_handler.py", line 42, 
in wrapped_app
    await app(scope, receive, 
sender)
  File "/usr/local/lib/python3.
11/site-packages/starlette/rout
ing.py", line 716, in __call__
    await 
self.middleware_stack(scope, 
receive, send)
  File "/usr/local/lib/python3.
11/site-packages/starlette/rout
ing.py", line 736, in app
    await route.handle(scope, 
receive, send)
  File "/usr/local/lib/python3.
11/site-packages/starlette/rout
ing.py", line 290, in handle
    await self.app(scope, 
receive, send)
  File "/usr/local/lib/python3.
11/site-packages/starlette/rout
ing.py", line 78, in app
    await wrap_app_handling_exc
eptions(app, request)(scope, 
receive, send)
  File "/usr/local/lib/python3.
11/site-packages/starlette/_exc
eption_handler.py", line 53, 
in wrapped_app
    raise exc
  File "/usr/local/lib/python3.
11/site-packages/starlette/_exc
eption_handler.py", line 42, 
in wrapped_app
    await app(scope, receive, 
sender)
  File "/usr/local/lib/python3.
11/site-packages/starlette/rout
ing.py", line 75, in app
    response = await f(request)
               ^^^^^^^^^^^^^^^^
  File "/usr/local/lib/python3.
11/site-packages/fastapi/routin
g.py", line 302, in app
    raw_response = await 
run_endpoint_function(
                   
^^^^^^^^^^^^^^^^^^^^^^^^^^^^
  File "/usr/local/lib/python3.
11/site-packages/fastapi/routin
g.py", line 215, in 
run_endpoint_function
    return await run_in_threadp
ool(dependant.call, **values)
           ^^^^^^^^^^^^^^^^^^^^
^^^^^^^^^^^^^^^^^^^^^^^^^^^^^
  File "/usr/local/lib/python3.
11/site-packages/starlette/conc
urrency.py", line 38, in 
run_in_threadpool
    return await 
anyio.to_thread.run_sync(func)
           ^^^^^^^^^^^^^^^^^^^^
^^^^^^^^^^^^^^^^
  File "/usr/local/lib/python3.
11/site-packages/anyio/to_threa
d.py", line 63, in run_sync
    return await get_async_back
end().run_sync_in_worker_thread
(
           ^^^^^^^^^^^^^^^^^^^^
^^^^^^^^^^^^^^^^^^^^^^^^^^^^^^^
^
  File "/usr/local/lib/python3.
11/site-packages/anyio/_backend
s/_asyncio.py", line 2502, in 
run_sync_in_worker_thread
    return await future
           ^^^^^^^^^^^^
  File "/usr/local/lib/python3.
11/site-packages/anyio/_backend
s/_asyncio.py", line 986, in 
run
    result = context.run(func, 
*args)
             
^^^^^^^^^^^^^^^^^^^^^^^^
  File "/app/app/companies/comp
any_controller.py", line 15, 
in create_company
    return company_service.crea
te_new_company(db=db, 
company=company)
           ^^^^^^^^^^^^^^^^^^^^
^^^^^^^^^^^^^^^^^^^^^^^^^^^^^^^
^^^^^^^
  File "/app/app/companies/comp
any_service.py", line 7, in 
create_new_company
    existing = company_reposito
ry.get_company_by_wallet(db, 
wallet=company.wallet_address)
               ^^^^^^^^^^^^^^^^
^^^^^^^^^^^^^^^^^^^^^^^^^^^^^^^
^^^^^^^^^^^^^^^^^^^^^^^^^^^^
  File "/app/app/companies/comp
any_repository.py", line 20, 
in get_company_by_wallet
    return db.query(company_mod
el.Company).filter(company_mode
l.Company.wallet_address == 
wallet).first()
           ^^^^^^^^^^^^^^^^^^^^
^^^^^^^^^^^^^^^^^^^^^^^^^^^^^^^
^^^^^^^^^^^^^^^^^^^^^^^^^^^^^^^
^^^^^^^^^^^^
  File "/usr/local/lib/python3.
11/site-packages/sqlalchemy/orm
/query.py", line 2759, in first
    return 
self.limit(1)._iter().first()  
# type: ignore
           
^^^^^^^^^^^^^^^^^^^^^
INFO:     172.19.0.1:35676 - "POST /companies/ HTTP/1.1" 201 Created
INFO:     172.19.0.1:53534 - "OPTIONS /auth/login HTTP/1.1" 200 OK
INFO:     172.19.0.1:53534 - "POST /auth/login HTTP/1.1" 422 Unprocessable Entity
INFO:     172.19.0.1:33228 - "POST /auth/login HTTP/1.1" 401 Unauthorized
INFO:     172.19.0.1:47274 - "POST /auth/login HTTP/1.1" 401 Unauthorized
INFO:     172.19.0.1:47274 - "POST /auth/login HTTP/1.1" 401 Unauthorized
INFO:     172.19.0.1:47274 - "POST /auth/login HTTP/1.1" 401 Unauthorized
INFO:     172.19.0.1:47274 - "POST /auth/login HTTP/1.1" 401 Unauthorized
INFO:     172.19.0.1:47274 - "POST /auth/login HTTP/1.1" 401 Unauthorized
INFO:     172.19.0.1:42086 - "POST /auth/login HTTP/1.1" 500 Internal Server Error
  File "/usr/local/lib/python3.
11/site-packages/sqlalchemy/orm
/query.py", line 2857, in _iter
    result: 
Union[ScalarResult[_T], 
Result[_T]] = 
self.session.execute(
                               
                   
^^^^^^^^^^^^^^^^^^^^^
  File "/usr/local/lib/python3.
11/site-packages/sqlalchemy/orm
/session.py", line 2351, in 
execute
    return 
self._execute_internal(
           
^^^^^^^^^^^^^^^^^^^^^^^
  File "/usr/local/lib/python3.
11/site-packages/sqlalchemy/orm
/session.py", line 2249, in 
_execute_internal
    result: Result[Any] = compi
le_state_cls.orm_execute_statem
ent(
                          ^^^^^
^^^^^^^^^^^^^^^^^^^^^^^^^^^^^^^
^^^^
  File "/usr/local/lib/python3.
11/site-packages/sqlalchemy/orm
/context.py", line 306, in 
orm_execute_statement
    result = conn.execute(
             ^^^^^^^^^^^^^
  File "/usr/local/lib/python3.
11/site-packages/sqlalchemy/eng
ine/base.py", line 1419, in 
execute
    return meth(
           ^^^^^
  File "/usr/local/lib/python3.
11/site-packages/sqlalchemy/sql
/elements.py", line 527, in 
_execute_on_connection
    return connection._execute_
clauseelement(
           ^^^^^^^^^^^^^^^^^^^^
^^^^^^^^^^^^^^
  File "/usr/local/lib/python3.
11/site-packages/sqlalchemy/eng
ine/base.py", line 1641, in 
_execute_clauseelement
    ret = 
self._execute_context(
          
^^^^^^^^^^^^^^^^^^^^^^
  File "/usr/local/lib/python3.
11/site-packages/sqlalchemy/eng
ine/base.py", line 1846, in 
_execute_context
    return 
self._exec_single_context(
           
^^^^^^^^^^^^^^^^^^^^^^^^^^
  File "/usr/local/lib/python3.
11/site-packages/sqlalchemy/eng
ine/base.py", line 1986, in 
_exec_single_context
    
self._handle_dbapi_exception(
  File "/usr/local/lib/python3.
11/site-packages/sqlalchemy/eng
ine/base.py", line 2363, in 
_handle_dbapi_exception
    raise sqlalchemy_exception.
with_traceback(exc_info[2]) 
from e
  File "/usr/local/lib/python3.
11/site-packages/sqlalchemy/eng
ine/base.py", line 1967, in 
_exec_single_context
    self.dialect.do_execute(
  File "/usr/local/lib/python3.
11/site-packages/sqlalchemy/eng
ine/default.py", line 952, in 
do_execute
    cursor.execute(statement, 
parameters)
INFO:     172.19.0.1:60730 - "POST /auth/login HTTP/1.1" 500 Internal Server Error
sqlalchemy.exc.ProgrammingError
: (psycopg2.errors.UndefinedCol
umn) column 
companies.wallet_address does 
not exist
LINE 1: ...in, 
companies.created_at AS 
companies_created_at, 
companies....
                               
                              ^

[SQL: SELECT companies.id AS 
companies_id, companies.name 
AS companies_name, 
companies.cnpj AS 
companies_cnpj, 
companies.domain AS 
companies_domain, 
companies.created_at AS 
companies_created_at, 
companies.wallet_address AS 
companies_wallet_address 
FROM companies 
WHERE companies.wallet_address 
= %(wallet_address_1)s 
 LIMIT %(param_1)s]
[parameters: 
{'wallet_address_1': '0x381dd1d
713121aA03Cb6C4e0D07AA6Acce2887
9B', 'param_1': 1}]
(Background on this error at: 
https://sqlalche.me/e/20/f405)
(trapped) error reading bcrypt 
version
Traceback (most recent call 
last):
  File "/usr/local/lib/python3.
11/site-packages/passlib/handle
rs/bcrypt.py", line 620, in 
_load_backend_mixin
    version = 
_bcrypt.__about__.__version__
              ^^^^^^^^^^^^^^^^^
AttributeError: module 
'bcrypt' has no attribute 
'__about__'
ERROR:    Exception in ASGI 
application
Traceback (most recent call 
last):
  File "/usr/local/lib/python3.
11/site-packages/uvicorn/protoc
ols/http/h11_impl.py", line 
403, in run_asgi
    result = await app(  # 
type: 
ignore[func-returns-value]
             ^^^^^^^^^^^^^^^^^^
^^^^^^^^^^^^^^^^^^^^^^^^^^^^
  File "/usr/local/lib/python3.
11/site-packages/uvicorn/middle
ware/proxy_headers.py", line 
60, in __call__
    return await 
self.app(scope, receive, send)
           ^^^^^^^^^^^^^^^^^^^^
^^^^^^^^^^^^^^^^
  File "/usr/local/lib/python3.
11/site-packages/fastapi/applic
ations.py", line 1054, in 
__call__
    await 
super().__call__(scope, 
receive, send)
  File "/usr/local/lib/python3.
11/site-packages/starlette/appl
ications.py", line 113, in 
__call__
    await 
self.middleware_stack(scope, 
receive, send)
  File "/usr/local/lib/python3.
11/site-packages/starlette/midd
leware/errors.py", line 186, 
in __call__
    raise exc
  File "/usr/local/lib/python3.
11/site-packages/starlette/midd
leware/errors.py", line 164, 
in __call__
    await self.app(scope, 
receive, _send)
  File "/usr/local/lib/python3.
11/site-packages/starlette/midd
leware/cors.py", line 93, in 
__call__
    await 
self.simple_response(scope, 
receive, send, 
request_headers=headers)
  File "/usr/local/lib/python3.
11/site-packages/starlette/midd
leware/cors.py", line 144, in 
simple_response
    await self.app(scope, 
receive, send)
  File "/usr/local/lib/python3.
11/site-packages/starlette/midd
leware/exceptions.py", line 
63, in __call__
    await wrap_app_handling_exc
eptions(self.app, conn)(scope, 
receive, send)
  File "/usr/local/lib/python3.
11/site-packages/starlette/_exc
eption_handler.py", line 53, 
in wrapped_app
    raise exc
  File "/usr/local/lib/python3.
11/site-packages/starlette/_exc
eption_handler.py", line 42, 
in wrapped_app
    await app(scope, receive, 
sender)
  File "/usr/local/lib/python3.
11/site-packages/starlette/rout
ing.py", line 716, in __call__
    await 
self.middleware_stack(scope, 
receive, send)
  File "/usr/local/lib/python3.
11/site-packages/starlette/rout
ing.py", line 736, in app
    await route.handle(scope, 
receive, send)
  File "/usr/local/lib/python3.
11/site-packages/starlette/rout
ing.py", line 290, in handle
    await self.app(scope, 
receive, send)
  File "/usr/local/lib/python3.
11/site-packages/starlette/rout
ing.py", line 78, in app
    await wrap_app_handling_exc
eptions(app, request)(scope, 
receive, send)
  File "/usr/local/lib/python3.
11/site-packages/starlette/_exc
eption_handler.py", line 53, 
in wrapped_app
    raise exc
  File "/usr/local/lib/python3.
11/site-packages/starlette/_exc
eption_handler.py", line 42, 
in wrapped_app
    await app(scope, receive, 
sender)
  File "/usr/local/lib/python3.
11/site-packages/starlette/rout
ing.py", line 75, in app
    response = await f(request)
               ^^^^^^^^^^^^^^^^
  File "/usr/local/lib/python3.
11/site-packages/fastapi/routin
g.py", line 302, in app
    raw_response = await 
run_endpoint_function(
                   
^^^^^^^^^^^^^^^^^^^^^^^^^^^^
  File "/usr/local/lib/python3.
11/site-packages/fastapi/routin
g.py", line 215, in 
run_endpoint_function
    return await run_in_threadp
ool(dependant.call, **values)
           ^^^^^^^^^^^^^^^^^^^^
^^^^^^^^^^^^^^^^^^^^^^^^^^^^^
  File "/usr/local/lib/python3.
11/site-packages/starlette/conc
urrency.py", line 38, in 
run_in_threadpool
    return await 
anyio.to_thread.run_sync(func)
           ^^^^^^^^^^^^^^^^^^^^
^^^^^^^^^^^^^^^^
  File "/usr/local/lib/python3.
11/site-packages/anyio/to_threa
d.py", line 63, in run_sync
    return await get_async_back
end().run_sync_in_worker_thread
(
           ^^^^^^^^^^^^^^^^^^^^
^^^^^^^^^^^^^^^^^^^^^^^^^^^^^^^
^
  File "/usr/local/lib/python3.
11/site-packages/anyio/_backend
s/_asyncio.py", line 2502, in 
run_sync_in_worker_thread
    return await future
           ^^^^^^^^^^^^
  File "/usr/local/lib/python3.
11/site-packages/anyio/_backend
s/_asyncio.py", line 986, in 
run
    result = context.run(func, 
*args)
             
^^^^^^^^^^^^^^^^^^^^^^^^
  File "/app/app/auth/auth_cont
roller.py", line 14, in 
login_for_access_token
    user = auth_service.authent
icate_user(db, 
email=form_data.username, 
password=form_data.password)
           ^^^^^^^^^^^^^^^^^^^^
^^^^^^^^^^^^^^^^^^^^^^^^^^^^^^^
^^^^^^^^^^^^^^^^^^^^^^^^^^^^^^^
^^^^^^^
  File "/app/app/auth/auth_serv
ice.py", line 17, in 
authenticate_user
    if not user or not 
verify_password(password, 
user.hashed_password):
                       ^^^^^^^^
^^^^^^^^^^^^^^^^^^^^^^^^^^^^^^^
^^^^^^^^
  File "/app/app/security.py", 
line 14, in verify_password
    return pwd_context.verify(p
lain_password, hashed_password)
           ^^^^^^^^^^^^^^^^^^^^
^^^^^^^^^^^^^^^^^^^^^^^^^^^^^^^
  File "/usr/local/lib/python3.
11/site-packages/passlib/contex
t.py", line 2343, in verify
    record = self._get_or_ident
ify_record(hash, scheme, 
category)
             ^^^^^^^^^^^^^^^^^^
^^^^^^^^^^^^^^^^^^^^^^^^^^^^^^^
^^^
  File "/usr/local/lib/python3.
11/site-packages/passlib/contex
t.py", line 2031, in 
_get_or_identify_record
    return 
self._identify_record(hash, 
category)
           ^^^^^^^^^^^^^^^^^^^^
^^^^^^^^^^^^^^^^^
  File "/usr/local/lib/python3.
11/site-packages/passlib/contex
t.py", line 1132, in 
identify_record
    raise 
exc.UnknownHashError("hash 
could not be identified")
passlib.exc.UnknownHashError: 
hash could not be identified
ERROR:    Exception in ASGI 
application
Traceback (most recent call 
last):
  File "/usr/local/lib/python3.
11/site-packages/uvicorn/protoc
ols/http/h11_impl.py", line 
403, in run_asgi
    result = await app(  # 
type: 
ignore[func-returns-value]
             ^^^^^^^^^^^^^^^^^^
^^^^^^^^^^^^^^^^^^^^^^^^^^^^
  File "/usr/local/lib/python3.
11/site-packages/uvicorn/middle
ware/proxy_headers.py", line 
60, in __call__
    return await 
self.app(scope, receive, send)
           ^^^^^^^^^^^^^^^^^^^^
^^^^^^^^^^^^^^^^
  File "/usr/local/lib/python3.
11/site-packages/fastapi/applic
ations.py", line 1054, in 
__call__
    await 
super().__call__(scope, 
receive, send)
  File "/usr/local/lib/python3.
11/site-packages/starlette/appl
ications.py", line 113, in 
__call__
    await 
self.middleware_stack(scope, 
receive, send)
  File "/usr/local/lib/python3.
11/site-packages/starlette/midd
leware/errors.py", line 186, 
in __call__
    raise exc
  File "/usr/local/lib/python3.
11/site-packages/starlette/midd
leware/errors.py", line 164, 
in __call__
    await self.app(scope, 
receive, _send)
  File "/usr/local/lib/python3.
11/site-packages/starlette/midd
leware/cors.py", line 93, in 
__call__
    await 
self.simple_response(scope, 
receive, send, 
request_headers=headers)
  File "/usr/local/lib/python3.
11/site-packages/starlette/midd
leware/cors.py", line 144, in 
simple_response
    await self.app(scope, 
receive, send)
  File "/usr/local/lib/python3.
11/site-packages/starlette/midd
leware/exceptions.py", line 
63, in __call__
    await wrap_app_handling_exc
eptions(self.app, conn)(scope, 
receive, send)
  File "/usr/local/lib/python3.
11/site-packages/starlette/_exc
eption_handler.py", line 53, 
in wrapped_app
    raise exc
  File "/usr/local/lib/python3.
11/site-packages/starlette/_exc
eption_handler.py", line 42, 
in wrapped_app
    await app(scope, receive, 
sender)
  File "/usr/local/lib/python3.
11/site-packages/starlette/rout
ing.py", line 716, in __call__
    await 
self.middleware_stack(scope, 
receive, send)
  File "/usr/local/lib/python3.
11/site-packages/starlette/rout
ing.py", line 736, in app
    await route.handle(scope, 
receive, send)
  File "/usr/local/lib/python3.
11/site-packages/starlette/rout
ing.py", line 290, in handle
    await self.app(scope, 
receive, send)
  File "/usr/local/lib/python3.
11/site-packages/starlette/rout
ing.py", line 78, in app
    await wrap_app_handling_exc
eptions(app, request)(scope, 
receive, send)
  File "/usr/local/lib/python3.
11/site-packages/starlette/_exc
eption_handler.py", line 53, 
in wrapped_app
    raise exc
  File "/usr/local/lib/python3.
11/site-packages/starlette/_exc
eption_handler.py", line 42, 
in wrapped_app
    await app(scope, receive, 
sender)
  File "/usr/local/lib/python3.
11/site-packages/starlette/rout
ing.py", line 75, in app
    response = await f(request)
               ^^^^^^^^^^^^^^^^
  File "/usr/local/lib/python3.
11/site-packages/fastapi/routin
g.py", line 302, in app
    raw_response = await 
run_endpoint_function(
                   
^^^^^^^^^^^^^^^^^^^^^^^^^^^^
  File "/usr/local/lib/python3.
11/site-packages/fastapi/routin
g.py", line 215, in 
run_endpoint_function
    return await run_in_threadp
ool(dependant.call, **values)
           ^^^^^^^^^^^^^^^^^^^^
^^^^^^^^^^^^^^^^^^^^^^^^^^^^^
  File "/usr/local/lib/python3.
11/site-packages/starlette/conc
urrency.py", line 38, in 
run_in_threadpool
    return await 
anyio.to_thread.run_sync(func)
           ^^^^^^^^^^^^^^^^^^^^
^^^^^^^^^^^^^^^^
  File "/usr/local/lib/python3.
11/site-packages/anyio/to_threa
d.py", line 63, in run_sync
    return await get_async_back
end().run_sync_in_worker_thread
(
           ^^^^^^^^^^^^^^^^^^^^
^^^^^^^^^^^^^^^^^^^^^^^^^^^^^^^
^
  File "/usr/local/lib/python3.
11/site-packages/anyio/_backend
s/_asyncio.py", line 2502, in 
run_sync_in_worker_thread
    return await future
           ^^^^^^^^^^^^
  File "/usr/local/lib/python3.
11/site-packages/anyio/_backend
s/_asyncio.py", line 986, in 
run
    result = context.run(func, 
*args)
             
^^^^^^^^^^^^^^^^^^^^^^^^
  File "/app/app/auth/auth_cont
roller.py", line 14, in 
login_for_access_token
    user = auth_service.authent
icate_user(db, 
email=form_data.username, 
password=form_data.password)
           ^^^^^^^^^^^^^^^^^^^^
^^^^^^^^^^^^^^^^^^^^^^^^^^^^^^^
^^^^^^^^^^^^^^^^^^^^^^^^^^^^^^^
^^^^^^^
  File "/app/app/auth/auth_serv
ice.py", line 17, in 
authenticate_user
    if not user or not 
verify_password(password, 
user.hashed_password):
                       ^^^^^^^^
^^^^^^^^^^^^^^^^^^^^^^^^^^^^^^^
^^^^^^^^
  File "/app/app/security.py", 
line 14, in verify_password
    return pwd_context.verify(p
lain_password, hashed_password)
           ^^^^^^^^^^^^^^^^^^^^
^^^^^^^^^^^^^^^^^^^^^^^^^^^^^^^
  File "/usr/local/lib/python3.
11/site-packages/passlib/contex
t.py", line 2343, in verify
    record = self._get_or_ident
ify_record(hash, scheme, 
category)
             ^^^^^^^^^^^^^^^^^^
^^^^^^^^^^^^^^^^^^^^^^^^^^^^^^^
^^^
  File "/usr/local/lib/python3.
11/site-packages/passlib/contex
t.py", line 2031, in 
_get_or_identify_record
    return 
self._identify_record(hash, 
category)
           ^^^^^^^^^^^^^^^^^^^^
^^^^^^^^^^^^^^^^^
  File "/usr/local/lib/python3.
11/site-packages/passlib/contex
t.py", line 1132, in 
identify_record
    raise 
exc.UnknownHashError("hash 
could not be identified")
passlib.exc.UnknownHashError: 
hash could not be identified
ERROR:    Exception in ASGI 
application
Traceback (most recent call 
last):
  File "/usr/local/lib/python3.
11/site-packages/uvicorn/protoc
ols/http/h11_impl.py", line 
403, in run_asgi
    result = await app(  # 
type: 
ignore[func-returns-value]
             ^^^^^^^^^^^^^^^^^^
^^^^^^^^^^^^^^^^^^^^^^^^^^^^
  File "/usr/local/lib/python3.
11/site-packages/uvicorn/middle
ware/proxy_headers.py", line 
60, in __call__
    return await 
self.app(scope, receive, send)
           ^^^^^^^^^^^^^^^^^^^^
^^^^^^^^^^^^^^^^
  File "/usr/local/lib/python3.
11/site-packages/fastapi/applic
ations.py", line 1054, in 
__call__
    await 
super().__call__(scope, 
receive, send)
  File "/usr/local/lib/python3.
11/site-packages/starlette/appl
ications.py", line 113, in 
__call__
    await 
self.middleware_stack(scope, 
receive, send)
  File "/usr/local/lib/python3.
11/site-packages/starlette/midd
leware/errors.py", line 186, 
in __call__
    raise exc
  File "/usr/local/lib/python3.
11/site-packages/starlette/midd
leware/errors.py", line 164, 
in __call__
    await self.app(scope, 
receive, _send)
  File "/usr/local/lib/python3.
11/site-packages/starlette/midd
leware/cors.py", line 93, in 
__call__
    await 
self.simple_response(scope, 
receive, send, 
request_headers=headers)
  File "/usr/local/lib/python3.
11/site-packages/starlette/midd
leware/cors.py", line 144, in 
simple_response
    await self.app(scope, 
receive, send)
INFO:     172.19.0.1:45676 - "POST /auth/login HTTP/1.1" 500 Internal Server Error
INFO:     172.19.0.1:33866 - "POST /auth/login HTTP/1.1" 500 Internal Server Error
  File "/usr/local/lib/python3.
11/site-packages/starlette/midd
leware/exceptions.py", line 
63, in __call__
    await wrap_app_handling_exc
eptions(self.app, conn)(scope, 
receive, send)
  File "/usr/local/lib/python3.
11/site-packages/starlette/_exc
eption_handler.py", line 53, 
in wrapped_app
    raise exc
  File "/usr/local/lib/python3.
11/site-packages/starlette/_exc
eption_handler.py", line 42, 
in wrapped_app
    await app(scope, receive, 
sender)
  File "/usr/local/lib/python3.
11/site-packages/starlette/rout
ing.py", line 716, in __call__
    await 
self.middleware_stack(scope, 
receive, send)
  File "/usr/local/lib/python3.
11/site-packages/starlette/rout
ing.py", line 736, in app
    await route.handle(scope, 
receive, send)
  File "/usr/local/lib/python3.
11/site-packages/starlette/rout
ing.py", line 290, in handle
    await self.app(scope, 
receive, send)
  File "/usr/local/lib/python3.
11/site-packages/starlette/rout
ing.py", line 78, in app
    await wrap_app_handling_exc
eptions(app, request)(scope, 
receive, send)
  File "/usr/local/lib/python3.
11/site-packages/starlette/_exc
eption_handler.py", line 53, 
in wrapped_app
    raise exc
  File "/usr/local/lib/python3.
11/site-packages/starlette/_exc
eption_handler.py", line 42, 
in wrapped_app
    await app(scope, receive, 
sender)
  File "/usr/local/lib/python3.
11/site-packages/starlette/rout
ing.py", line 75, in app
    response = await f(request)
               ^^^^^^^^^^^^^^^^
  File "/usr/local/lib/python3.
11/site-packages/fastapi/routin
g.py", line 302, in app
    raw_response = await 
run_endpoint_function(
                   
^^^^^^^^^^^^^^^^^^^^^^^^^^^^
  File "/usr/local/lib/python3.
11/site-packages/fastapi/routin
g.py", line 215, in 
run_endpoint_function
    return await run_in_threadp
ool(dependant.call, **values)
           ^^^^^^^^^^^^^^^^^^^^
^^^^^^^^^^^^^^^^^^^^^^^^^^^^^
  File "/usr/local/lib/python3.
11/site-packages/starlette/conc
urrency.py", line 38, in 
run_in_threadpool
    return await 
anyio.to_thread.run_sync(func)
           ^^^^^^^^^^^^^^^^^^^^
^^^^^^^^^^^^^^^^
  File "/usr/local/lib/python3.
11/site-packages/anyio/to_threa
d.py", line 63, in run_sync
    return await get_async_back
end().run_sync_in_worker_thread
(
           ^^^^^^^^^^^^^^^^^^^^
^^^^^^^^^^^^^^^^^^^^^^^^^^^^^^^
^
  File "/usr/local/lib/python3.
11/site-packages/anyio/_backend
s/_asyncio.py", line 2502, in 
run_sync_in_worker_thread
    return await future
           ^^^^^^^^^^^^
  File "/usr/local/lib/python3.
11/site-packages/anyio/_backend
s/_asyncio.py", line 986, in 
run
    result = context.run(func, 
*args)
             
^^^^^^^^^^^^^^^^^^^^^^^^
  File "/app/app/auth/auth_cont
roller.py", line 14, in 
login_for_access_token
    user = auth_service.authent
icate_user(db, 
email=form_data.username, 
password=form_data.password)
           ^^^^^^^^^^^^^^^^^^^^
^^^^^^^^^^^^^^^^^^^^^^^^^^^^^^^
^^^^^^^^^^^^^^^^^^^^^^^^^^^^^^^
^^^^^^^
  File "/app/app/auth/auth_serv
ice.py", line 17, in 
authenticate_user
    if not user or not 
verify_password(password, 
user.hashed_password):
                       ^^^^^^^^
^^^^^^^^^^^^^^^^^^^^^^^^^^^^^^^
^^^^^^^^
  File "/app/app/security.py", 
line 14, in verify_password
    return pwd_context.verify(p
lain_password, hashed_password)
           ^^^^^^^^^^^^^^^^^^^^
^^^^^^^^^^^^^^^^^^^^^^^^^^^^^^^
  File "/usr/local/lib/python3.
11/site-packages/passlib/contex
t.py", line 2347, in verify
    return 
record.verify(secret, hash, 
**kwds)
           ^^^^^^^^^^^^^^^^^^^^
^^^^^^^^^^^^^^^
  File "/usr/local/lib/python3.
11/site-packages/passlib/utils/
handlers.py", line 788, in 
verify
    self = 
cls.from_string(hash, 
**context)
           ^^^^^^^^^^^^^^^^^^^^
^^^^^^^^^^^^
  File "/usr/local/lib/python3.
11/site-packages/passlib/handle
rs/bcrypt.py", line 179, in 
from_string
    return cls(
           ^^^^
  File "/usr/local/lib/python3.
11/site-packages/passlib/utils/
handlers.py", line 1149, in 
__init__
    super(HasManyIdents, 
self).__init__(**kwds)
  File "/usr/local/lib/python3.
11/site-packages/passlib/utils/
handlers.py", line 1794, in 
__init__
    super(HasRounds, 
self).__init__(**kwds)
  File "/usr/local/lib/python3.
11/site-packages/passlib/utils/
handlers.py", line 1409, in 
__init__
    super(HasSalt, 
self).__init__(**kwds)
  File "/usr/local/lib/python3.
11/site-packages/passlib/utils/
handlers.py", line 624, in 
__init__
    self.checksum = 
self._norm_checksum(checksum)
                    
^^^^^^^^^^^^^^^^^^^^^^^^^^^^^
  File "/usr/local/lib/python3.
11/site-packages/passlib/handle
rs/bcrypt.py", line 251, in 
_norm_checksum
    checksum = 
super(_BcryptCommon, 
self)._norm_checksum(checksum, 
relaxed=relaxed)
               ^^^^^^^^^^^^^^^^
^^^^^^^^^^^^^^^^^^^^^^^^^^^^^^^
^^^^^^^^^^^^^^^^^^^^^
  File "/usr/local/lib/python3.
11/site-packages/passlib/utils/
handlers.py", line 654, in 
_norm_checksum
    raise 
exc.ChecksumSizeError(self, 
raw=raw)
ValueError: malformed bcrypt 
hash (checksum must be exactly 
31 chars)
ERROR:    Exception in ASGI 
application
Traceback (most recent call 
last):
  File "/usr/local/lib/python3.
11/site-packages/uvicorn/protoc
ols/http/h11_impl.py", line 
403, in run_asgi
    result = await app(  # 
type: 
ignore[func-returns-value]
             ^^^^^^^^^^^^^^^^^^
^^^^^^^^^^^^^^^^^^^^^^^^^^^^
  File "/usr/local/lib/python3.
11/site-packages/uvicorn/middle
ware/proxy_headers.py", line 
60, in __call__
    return await 
self.app(scope, receive, send)
           ^^^^^^^^^^^^^^^^^^^^
^^^^^^^^^^^^^^^^
  File "/usr/local/lib/python3.
11/site-packages/fastapi/applic
ations.py", line 1054, in 
__call__
    await 
super().__call__(scope, 
receive, send)
  File "/usr/local/lib/python3.
11/site-packages/starlette/appl
ications.py", line 113, in 
__call__
    await 
self.middleware_stack(scope, 
receive, send)
  File "/usr/local/lib/python3.
11/site-packages/starlette/midd
leware/errors.py", line 186, 
in __call__
    raise exc
  File "/usr/local/lib/python3.
11/site-packages/starlette/midd
leware/errors.py", line 164, 
in __call__
    await self.app(scope, 
receive, _send)
  File "/usr/local/lib/python3.
11/site-packages/starlette/midd
leware/cors.py", line 93, in 
__call__
    await 
self.simple_response(scope, 
receive, send, 
request_headers=headers)
  File "/usr/local/lib/python3.
11/site-packages/starlette/midd
leware/cors.py", line 144, in 
simple_response
    await self.app(scope, 
receive, send)
  File "/usr/local/lib/python3.
11/site-packages/starlette/midd
leware/exceptions.py", line 
63, in __call__
    await wrap_app_handling_exc
eptions(self.app, conn)(scope, 
receive, send)
  File "/usr/local/lib/python3.
11/site-packages/starlette/_exc
eption_handler.py", line 53, 
in wrapped_app
    raise exc
  File "/usr/local/lib/python3.
11/site-packages/starlette/_exc
eption_handler.py", line 42, 
in wrapped_app
    await app(scope, receive, 
sender)
  File "/usr/local/lib/python3.
11/site-packages/starlette/rout
ing.py", line 716, in __call__
    await 
self.middleware_stack(scope, 
receive, send)
  File "/usr/local/lib/python3.
11/site-packages/starlette/rout
ing.py", line 736, in app
    await route.handle(scope, 
receive, send)
  File "/usr/local/lib/python3.
11/site-packages/starlette/rout
ing.py", line 290, in handle
    await self.app(scope, 
receive, send)
  File "/usr/local/lib/python3.
11/site-packages/starlette/rout
ing.py", line 78, in app
    await wrap_app_handling_exc
eptions(app, request)(scope, 
receive, send)
  File "/usr/local/lib/python3.
11/site-packages/starlette/_exc
eption_handler.py", line 53, 
in wrapped_app
    raise exc
  File "/usr/local/lib/python3.
11/site-packages/starlette/_exc
eption_handler.py", line 42, 
in wrapped_app
    await app(scope, receive, 
sender)
  File "/usr/local/lib/python3.
11/site-packages/starlette/rout
ing.py", line 75, in app
    response = await f(request)
               ^^^^^^^^^^^^^^^^
  File "/usr/local/lib/python3.
11/site-packages/fastapi/routin
g.py", line 302, in app
    raw_response = await 
run_endpoint_function(
                   
^^^^^^^^^^^^^^^^^^^^^^^^^^^^
  File "/usr/local/lib/python3.
11/site-packages/fastapi/routin
g.py", line 215, in 
run_endpoint_function
    return await run_in_threadp
ool(dependant.call, **values)
           ^^^^^^^^^^^^^^^^^^^^
^^^^^^^^^^^^^^^^^^^^^^^^^^^^^
  File "/usr/local/lib/python3.
11/site-packages/starlette/conc
urrency.py", line 38, in 
run_in_threadpool
    return await 
anyio.to_thread.run_sync(func)
           ^^^^^^^^^^^^^^^^^^^^
^^^^^^^^^^^^^^^^
  File "/usr/local/lib/python3.
11/site-packages/anyio/to_threa
d.py", line 63, in run_sync
    return await get_async_back
end().run_sync_in_worker_thread
(
           ^^^^^^^^^^^^^^^^^^^^
^^^^^^^^^^^^^^^^^^^^^^^^^^^^^^^
^
  File "/usr/local/lib/python3.
11/site-packages/anyio/_backend
s/_asyncio.py", line 2502, in 
run_sync_in_worker_thread
    return await future
           ^^^^^^^^^^^^
  File "/usr/local/lib/python3.
11/site-packages/anyio/_backend
s/_asyncio.py", line 986, in 
run
    result = context.run(func, 
*args)
             
^^^^^^^^^^^^^^^^^^^^^^^^
  File "/app/app/auth/auth_cont
roller.py", line 14, in 
login_for_access_token
    user = auth_service.authent
icate_user(db, 
email=form_data.username, 
password=form_data.password)
           ^^^^^^^^^^^^^^^^^^^^
^^^^^^^^^^^^^^^^^^^^^^^^^^^^^^^
^^^^^^^^^^^^^^^^^^^^^^^^^^^^^^^
^^^^^^^
  File "/app/app/auth/auth_serv
ice.py", line 17, in 
authenticate_user
    if not user or not 
verify_password(password, 
user.hashed_password):
                       ^^^^^^^^
^^^^^^^^^^^^^^^^^^^^^^^^^^^^^^^
^^^^^^^^
  File "/app/app/security.py", 
line 14, in verify_password
    return pwd_context.verify(p
lain_password, hashed_password)
           ^^^^^^^^^^^^^^^^^^^^
^^^^^^^^^^^^^^^^^^^^^^^^^^^^^^^
  File "/usr/local/lib/python3.
11/site-packages/passlib/contex
t.py", line 2347, in verify
    return 
record.verify(secret, hash, 
**kwds)
           ^^^^^^^^^^^^^^^^^^^^
^^^^^^^^^^^^^^^
  File "/usr/local/lib/python3.
11/site-packages/passlib/utils/
handlers.py", line 788, in 
verify
    self = 
cls.from_string(hash, 
**context)
           ^^^^^^^^^^^^^^^^^^^^
^^^^^^^^^^^^
  File "/usr/local/lib/python3.
11/site-packages/passlib/handle
rs/bcrypt.py", line 179, in 
from_string
    return cls(
           ^^^^
  File "/usr/local/lib/python3.
11/site-packages/passlib/utils/
handlers.py", line 1149, in 
__init__
    super(HasManyIdents, 
self).__init__(**kwds)
  File "/usr/local/lib/python3.
11/site-packages/passlib/utils/
handlers.py", line 1794, in 
__init__
    super(HasRounds, 
self).__init__(**kwds)
  File "/usr/local/lib/python3.
11/site-packages/passlib/utils/
handlers.py", line 1409, in 
__init__
    super(HasSalt, 
self).__init__(**kwds)
  File "/usr/local/lib/python3.
11/site-packages/passlib/utils/
handlers.py", line 624, in 
__init__
    self.checksum = 
self._norm_checksum(checksum)
                    
^^^^^^^^^^^^^^^^^^^^^^^^^^^^^
  File "/usr/local/lib/python3.
11/site-packages/passlib/handle
rs/bcrypt.py", line 251, in 
_norm_checksum
    checksum = 
super(_BcryptCommon, 
self)._norm_checksum(checksum, 
relaxed=relaxed)
               ^^^^^^^^^^^^^^^^
^^^^^^^^^^^^^^^^^^^^^^^^^^^^^^^
^^^^^^^^^^^^^^^^^^^^^
  File "/usr/local/lib/python3.
11/site-packages/passlib/utils/
handlers.py", line 654, in 
_norm_checksum
    raise 
exc.ChecksumSizeError(self, 
raw=raw)
ValueError: malformed bcrypt 
hash (checksum must be exactly 
31 chars)
INFO:     172.19.0.1:41352 - "POST /auth/login HTTP/1.1" 200 OK
INFO:     172.19.0.1:41352 - "OPTIONS /auth/me HTTP/1.1" 200 OK
INFO:     172.19.0.1:41366 - "GET /auth/me HTTP/1.1" 404 Not Found
INFO:     172.19.0.1:60176 - "POST /auth/login HTTP/1.1" 200 OK
INFO:     172.19.0.1:60176 - "GET /auth/me HTTP/1.1" 404 Not Found
INFO:     172.19.0.1:55330 - "OPTIONS /login HTTP/1.1" 200 OK
INFO:     172.19.0.1:55330 - "POST /login HTTP/1.1" 401 Unauthorized
INFO:     172.19.0.1:34458 - "POST /login HTTP/1.1" 401 Unauthorized
INFO:     172.19.0.1:58182 - "POST /login HTTP/1.1" 401 Unauthorized
INFO:     172.19.0.1:50836 - "POST /login HTTP/1.1" 200 OK
INFO:     172.19.0.1:50836 - "OPTIONS /me HTTP/1.1" 200 OK
INFO:     172.19.0.1:50846 - "GET /me HTTP/1.1" 200 OK
INFO:     172.19.0.1:50860 - "OPTIONS /audit/logs HTTP/1.1" 200 OK
INFO:     172.19.0.1:50868 - "OPTIONS /audit/logs HTTP/1.1" 200 OK
INFO:     172.19.0.1:50846 - "GET /me HTTP/1.1" 200 OK
INFO:     172.19.0.1:50860 - "GET /me HTTP/1.1" 200 OK
INFO:     172.19.0.1:50846 - "GET /audit/logs HTTP/1.1" 200 OK
INFO:     172.19.0.1:50868 - "GET /audit/logs HTTP/1.1" 200 OK
INFO:     172.19.0.1:49226 - "GET /me HTTP/1.1" 200 OK
INFO:     172.19.0.1:49242 - "GET /me HTTP/1.1" 200 OK
INFO:     172.19.0.1:49242 - "GET /me HTTP/1.1" 200 OK
INFO:     172.19.0.1:49226 - "GET /me HTTP/1.1" 200 OK
INFO:     172.19.0.1:40426 - "OPTIONS /login HTTP/1.1" 200 OK
INFO:     172.19.0.1:40426 - "POST /login HTTP/1.1" 200 OK
INFO:     172.19.0.1:40426 - "GET /me HTTP/1.1" 200 OK
INFO:     172.19.0.1:40426 - "GET /me HTTP/1.1" 200 OK
INFO:     172.19.0.1:40450 - "GET /me HTTP/1.1" 200 OK
INFO:     172.19.0.1:40434 - "GET /audit/logs HTTP/1.1" 200 OK
INFO:     172.19.0.1:40450 - "GET /audit/logs HTTP/1.1" 200 OK
INFO:     172.19.0.1:53316 - "OPTIONS /me HTTP/1.1" 200 OK
INFO:     172.19.0.1:53318 - "OPTIONS /audit/logs HTTP/1.1" 200 OK
INFO:     172.19.0.1:53318 - "GET /me HTTP/1.1" 200 OK
INFO:     172.19.0.1:53316 - "GET /audit/logs HTTP/1.1" 200 OK
INFO:     172.19.0.1:39510 - "POST /login HTTP/1.1" 200 OK
INFO:     172.19.0.1:39510 - "GET /me HTTP/1.1" 200 OK
INFO:     172.19.0.1:39510 - "GET /me HTTP/1.1" 200 OK
INFO:     172.19.0.1:39514 - "GET /audit/logs HTTP/1.1" 200 OK
INFO:     172.19.0.1:39522 - "GET /me HTTP/1.1" 200 OK
INFO:     172.19.0.1:39510 - "GET /audit/logs HTTP/1.1" 200 OK
INFO:     172.19.0.1:52138 - "OPTIONS /data/check-consent HTTP/1.1" 200 OK
INFO:     172.19.0.1:52138 - "POST /data/check-consent HTTP/1.1" 500 Internal Server Error
